<?xml version="1.0" encoding="UTF-8"?>
<testsuite name="DollarCalculatorTest" tests="3" skipped="0" failures="0" errors="0" timestamp="2021-12-11T10:32:08" hostname="hyungrok" time="0.302">
  <properties/>
  <testcase name="dollarTest()" classname="DollarCalculatorTest" time="0.295"/>
  <testcase name="testHello()" classname="DollarCalculatorTest" time="0.003"/>
  <testcase name="mockTest()" classname="DollarCalculatorTest" time="0.002"/>
  <system-out><![CDATA[hello
60000
]]></system-out>
  <system-err><![CDATA[]]></system-err>
</testsuite>
